2023-04-16T11:30:06.168+03:00  INFO 2056 --- [restartedMain] com.example.demo.DemoApplication         : Starting DemoApplication using Java 17.0.6 with PID 2056 (D:\Studying\testvscode\demo\target\classes started by Иван in D:\Studying\testvscode\demo)
2023-04-16T11:30:06.176+03:00  INFO 2056 --- [restartedMain] com.example.demo.DemoApplication         : No active profile set, falling back to 1 default profile: "default"
2023-04-16T11:30:06.259+03:00  INFO 2056 --- [restartedMain] .e.DevToolsPropertyDefaultsPostProcessor : Devtools property defaults active! Set 'spring.devtools.add-properties' to 'false' to disable
2023-04-16T11:30:06.263+03:00  INFO 2056 --- [restartedMain] .e.DevToolsPropertyDefaultsPostProcessor : For additional web related logging consider setting the 'logging.level.web' property to 'DEBUG'
2023-04-16T11:30:07.158+03:00  INFO 2056 --- [restartedMain] .s.d.r.c.RepositoryConfigurationDelegate : Bootstrapping Spring Data JPA repositories in DEFAULT mode.
2023-04-16T11:30:07.260+03:00  INFO 2056 --- [restartedMain] .s.d.r.c.RepositoryConfigurationDelegate : Finished Spring Data repository scanning in 88 ms. Found 2 JPA repository interfaces.
2023-04-16T11:30:08.427+03:00  INFO 2056 --- [restartedMain] o.s.b.w.embedded.tomcat.TomcatWebServer  : Tomcat initialized with port(s): 8080 (http)
2023-04-16T11:30:08.448+03:00  INFO 2056 --- [restartedMain] o.apache.catalina.core.StandardService   : Starting service [Tomcat]
2023-04-16T11:30:08.449+03:00  INFO 2056 --- [restartedMain] o.apache.catalina.core.StandardEngine    : Starting Servlet engine: [Apache Tomcat/10.1.7]
2023-04-16T11:30:08.562+03:00  INFO 2056 --- [restartedMain] o.a.c.c.C.[Tomcat].[localhost].[/]       : Initializing Spring embedded WebApplicationContext
2023-04-16T11:30:08.567+03:00  INFO 2056 --- [restartedMain] w.s.c.ServletWebServerApplicationContext : Root WebApplicationContext: initialization completed in 2301 ms
2023-04-16T11:30:08.870+03:00  INFO 2056 --- [restartedMain] o.hibernate.jpa.internal.util.LogHelper  : HHH000204: Processing PersistenceUnitInfo [name: default]
2023-04-16T11:30:08.972+03:00  INFO 2056 --- [restartedMain] org.hibernate.Version                    : HHH000412: Hibernate ORM core version 6.2.0.CR1
2023-04-16T11:30:08.977+03:00  INFO 2056 --- [restartedMain] org.hibernate.cfg.Environment            : HHH000406: Using bytecode reflection optimizer
2023-04-16T11:30:09.394+03:00  INFO 2056 --- [restartedMain] o.s.o.j.p.SpringPersistenceUnitInfo      : No LoadTimeWeaver setup: ignoring JPA class transformer
2023-04-16T11:30:09.433+03:00  INFO 2056 --- [restartedMain] com.zaxxer.hikari.HikariDataSource       : HikariPool-1 - Starting...
2023-04-16T11:30:09.682+03:00  INFO 2056 --- [restartedMain] com.zaxxer.hikari.pool.HikariPool        : HikariPool-1 - Added connection org.postgresql.jdbc.PgConnection@73ae8cde
2023-04-16T11:30:09.685+03:00  INFO 2056 --- [restartedMain] com.zaxxer.hikari.HikariDataSource       : HikariPool-1 - Start completed.
2023-04-16T11:30:09.784+03:00  INFO 2056 --- [restartedMain] SQL dialect                              : HHH000400: Using dialect: org.hibernate.dialect.PostgreSQLDialect
2023-04-16T11:30:11.467+03:00  INFO 2056 --- [restartedMain] o.h.e.t.j.p.i.JtaPlatformInitiator       : HHH000490: Using JtaPlatform implementation: [org.hibernate.engine.transaction.jta.platform.internal.NoJtaPlatform]
2023-04-16T11:30:11.479+03:00  INFO 2056 --- [restartedMain] j.LocalContainerEntityManagerFactoryBean : Initialized JPA EntityManagerFactory for persistence unit 'default'
2023-04-16T11:30:11.888+03:00  WARN 2056 --- [restartedMain] JpaBaseConfiguration$JpaWebConfiguration : spring.jpa.open-in-view is enabled by default. Therefore, database queries may be performed during view rendering. Explicitly configure spring.jpa.open-in-view to disable this warning
2023-04-16T11:30:12.084+03:00  INFO 2056 --- [restartedMain] o.s.b.a.w.s.WelcomePageHandlerMapping    : Adding welcome page: class path resource [static/index.html]
2023-04-16T11:30:12.333+03:00  INFO 2056 --- [restartedMain] o.s.b.d.a.OptionalLiveReloadServer       : LiveReload server is running on port 35729
2023-04-16T11:30:12.399+03:00  INFO 2056 --- [restartedMain] o.s.b.w.embedded.tomcat.TomcatWebServer  : Tomcat started on port(s): 8080 (http) with context path ''
2023-04-16T11:30:12.422+03:00  INFO 2056 --- [restartedMain] com.example.demo.DemoApplication         : Started DemoApplication in 7.238 seconds (process running for 7.879)
2023-04-16T11:30:31.573+03:00  INFO 2056 --- [http-nio-8080-exec-1] o.a.c.c.C.[Tomcat].[localhost].[/]       : Initializing Spring DispatcherServlet 'dispatcherServlet'
2023-04-16T11:30:31.573+03:00  INFO 2056 --- [http-nio-8080-exec-1] o.s.web.servlet.DispatcherServlet        : Initializing Servlet 'dispatcherServlet'
2023-04-16T11:30:31.577+03:00  INFO 2056 --- [http-nio-8080-exec-1] o.s.web.servlet.DispatcherServlet        : Completed initialization in 4 ms
